<?xml version="1.0" encoding="UTF-8"?>
<testng-results skipped="0" failed="0" ignored="0" total="2" passed="2">
  <reporter-output>
  </reporter-output>
  <suite name="Default suite" duration-ms="18585" started-at="2018-05-24T07:37:47Z" finished-at="2018-05-24T07:38:05Z">
    <groups>
    </groups>
    <test name="Default test" duration-ms="18585" started-at="2018-05-24T07:37:47Z" finished-at="2018-05-24T07:38:05Z">
      <class name="appScenarios.DataProviderDemoTest">
        <test-method status="PASS" signature="setup()[pri:0, instance:appScenarios.DataProviderDemoTest@36d4b5c]" name="setup" is-config="true" duration-ms="5582" started-at="2018-05-24T13:07:47Z" finished-at="2018-05-24T13:07:53Z">
          <reporter-output>
          </reporter-output>
        </test-method> <!-- setup -->
        <test-method status="PASS" signature="testSupersportLogin(java.lang.String, java.lang.String)[pri:0, instance:appScenarios.DataProviderDemoTest@36d4b5c]" name="testSupersportLogin" duration-ms="2451" started-at="2018-05-24T13:07:53Z" data-provider="performLogin" finished-at="2018-05-24T13:07:55Z">
          <params>
            <param index="0">
              <value>
                <![CDATA[neha.tanna]]>
              </value>
            </param>
            <param index="1">
              <value>
                <![CDATA[bat@271192]]>
              </value>
            </param>
          </params>
          <reporter-output>
          </reporter-output>
        </test-method> <!-- testSupersportLogin -->
        <test-method status="PASS" signature="teardown()[pri:0, instance:appScenarios.DataProviderDemoTest@36d4b5c]" name="teardown" is-config="true" duration-ms="1491" started-at="2018-05-24T13:07:55Z" finished-at="2018-05-24T13:07:57Z">
          <reporter-output>
          </reporter-output>
        </test-method> <!-- teardown -->
        <test-method status="PASS" signature="setup()[pri:0, instance:appScenarios.DataProviderDemoTest@36d4b5c]" name="setup" is-config="true" duration-ms="4767" started-at="2018-05-24T13:07:57Z" finished-at="2018-05-24T13:08:02Z">
          <reporter-output>
          </reporter-output>
        </test-method> <!-- setup -->
        <test-method status="PASS" signature="testSupersportLogin(java.lang.String, java.lang.String)[pri:0, instance:appScenarios.DataProviderDemoTest@36d4b5c]" name="testSupersportLogin" duration-ms="2578" started-at="2018-05-24T13:08:02Z" data-provider="performLogin" finished-at="2018-05-24T13:08:04Z">
          <params>
            <param index="0">
              <value>
                <![CDATA[yogesh.kolhe]]>
              </value>
            </param>
            <param index="1">
              <value>
                <![CDATA[Apr@2018]]>
              </value>
            </param>
          </params>
          <reporter-output>
          </reporter-output>
        </test-method> <!-- testSupersportLogin -->
        <test-method status="PASS" signature="teardown()[pri:0, instance:appScenarios.DataProviderDemoTest@36d4b5c]" name="teardown" is-config="true" duration-ms="1256" started-at="2018-05-24T13:08:04Z" finished-at="2018-05-24T13:08:05Z">
          <reporter-output>
          </reporter-output>
        </test-method> <!-- teardown -->
      </class> <!-- appScenarios.DataProviderDemoTest -->
    </test> <!-- Default test -->
  </suite> <!-- Default suite -->
</testng-results>
